<?xml version="1.0" encoding="UTF-8"?>
<!-- Generated by org.testng.reporters.JUnitXMLReporter -->
<testsuite hostname="SYNPS6143372" name="Default test" tests="3" failures="0" timestamp="13 Aug 2019 07:21:38 GMT" time="0.03" errors="0">
  <testcase name="MyFirstRun" time="0.01" classname="main.NewUserStories.ParalellTestCases"/>
  <testcase name="MySecondRun" time="0.0" classname="main.NewUserStories.ParalellTestCases"/>
  <testcase name="MyThirdRun" time="0.01" classname="main.NewUserStories.ParalellTestCases"/>
</testsuite> <!-- Default test -->
