<?xml version="1.0" encoding="UTF-8"?>
<!-- Generated by org.testng.reporters.JUnitXMLReporter -->
<testsuite hostname="SYNPS6143372" name="US 138907" tests="6" failures="0" timestamp="21 Aug 2019 10:59:48 GMT" time="0.047" errors="0">
  <testcase name="runWebDriver" time="0.015" classname="main.NewUserStories.MyClass"/>
  <testcase name="runWebDriver" time="0.0" classname="main.NewUserStories.MyClass"/>
  <testcase name="runWebDriver" time="0.0" classname="main.NewUserStories.MyClass"/>
  <testcase name="runWebDriver" time="0.0" classname="main.NewUserStories.MyClass"/>
  <testcase name="runWebDriver" time="0.015" classname="main.NewUserStories.MyClass"/>
  <testcase name="runWebDriver" time="0.047" classname="main.NewUserStories.MyClass"/>
</testsuite> <!-- US 138907 -->
